<?xml version="1.0" encoding="UTF-8" ?>
<testsuite tests="1" failures="0" name="br.com.test.SaldoTest" time="7.925" errors="1" skipped="0">
  <properties>
[...]
</properties>
  <testcase classname="br.com.test.SaldoTest" name="testSaldoConta" time="7.925">
    <error message="Could not start a new session. Response code 400. Message: Sauce could not start your job. For more information on what happened, please visit https://app.saucelabs.com/tests/5e601555317b4a069e607fcb4b3f1006 
Host info: host: &apos;DESKTOP-MNAUKUC&apos;, ip: &apos;192.168.1.100&apos;
Build info: version: &apos;4.16.1&apos;, revision: &apos;9b4c83354e&apos;
System info: os.name: &apos;Windows 11&apos;, os.arch: &apos;amd64&apos;, os.version: &apos;10.0&apos;, java.version: &apos;17.0.8&apos;
Driver info: org.openqa.selenium.remote.RemoteWebDriver
Command: [null, newSession {capabilities=[Capabilities {browserName: chrome, browserVersion: latest, goog:chromeOptions: {args: [], extensions: []}, platformName: Windows 11, sauce:options: {accessKey: *****1177, build: selenium-build-TXV9E, name: suites #todos, username: oauth-a.n.goncalves.me-43949}}]}]
Capabilities {browserName: chrome, browserVersion: latest, goog:chromeOptions: {args: [], extensions: []}, platformName: Windows 11, sauce:options: {accessKey: *****1177, build: selenium-build-TXV9E, name: suites #todos, username: oauth-a.n.goncalves.me-43949}}" type="org.openqa.selenium.SessionNotCreatedException">org.openqa.selenium.SessionNotCreatedException: Could not start a new session. Response code 400. Message: Sauce could not start your job. For more information on what happened, please visit https://app.saucelabs.com/tests/5e601555317b4a069e607fcb4b3f1006 
Host info: host: &apos;DESKTOP-MNAUKUC&apos;, ip: &apos;192.168.1.100&apos;
Build info: version: &apos;4.16.1&apos;, revision: &apos;9b4c83354e&apos;
System info: os.name: &apos;Windows 11&apos;, os.arch: &apos;amd64&apos;, os.version: &apos;10.0&apos;, java.version: &apos;17.0.8&apos;
Driver info: org.openqa.selenium.remote.RemoteWebDriver
Command: [null, newSession {capabilities=[Capabilities {browserName: chrome, browserVersion: latest, goog:chromeOptions: {args: [], extensions: []}, platformName: Windows 11, sauce:options: {accessKey: *****1177, build: selenium-build-TXV9E, name: suites #todos, username: oauth-a.n.goncalves.me-43949}}]}]
Capabilities {browserName: chrome, browserVersion: latest, goog:chromeOptions: {args: [], extensions: []}, platformName: Windows 11, sauce:options: {accessKey: *****1177, build: selenium-build-TXV9E, name: suites #todos, username: oauth-a.n.goncalves.me-43949}}
	at org.openqa.selenium.remote.ProtocolHandshake.createSession(ProtocolHandshake.java:140)
	at org.openqa.selenium.remote.ProtocolHandshake.createSession(ProtocolHandshake.java:96)
	at org.openqa.selenium.remote.ProtocolHandshake.createSession(ProtocolHandshake.java:68)
	at org.openqa.selenium.remote.HttpCommandExecutor.execute(HttpCommandExecutor.java:163)
	at org.openqa.selenium.remote.TracedCommandExecutor.execute(TracedCommandExecutor.java:51)
	at org.openqa.selenium.remote.RemoteWebDriver.execute(RemoteWebDriver.java:523)
	at org.openqa.selenium.remote.RemoteWebDriver.startSession(RemoteWebDriver.java:237)
	at org.openqa.selenium.remote.RemoteWebDriver.&lt;init&gt;(RemoteWebDriver.java:164)
	at org.openqa.selenium.remote.RemoteWebDriver.&lt;init&gt;(RemoteWebDriver.java:144)
	at br.com.core.DriverFactory.initDriver(DriverFactory.java:75)
	at br.com.core.DriverFactory$1.initialValue(DriverFactory.java:26)
	at br.com.core.DriverFactory$1.initialValue(DriverFactory.java:23)
	at java.base/java.lang.ThreadLocal.setInitialValue(ThreadLocal.java:195)
	at java.base/java.lang.ThreadLocal.get(ThreadLocal.java:172)
	at br.com.core.DriverFactory.getDriver(DriverFactory.java:33)
	at br.com.page.LoginPage.acessarTelaInicial(LoginPage.java:11)
	at br.com.core.BaseTeste.inicializa(BaseTeste.java:28)
	at java.base/jdk.internal.reflect.NativeMethodAccessorImpl.invoke0(Native Method)
	at java.base/jdk.internal.reflect.NativeMethodAccessorImpl.invoke(NativeMethodAccessorImpl.java:77)
	at java.base/jdk.internal.reflect.DelegatingMethodAccessorImpl.invoke(DelegatingMethodAccessorImpl.java:43)
	at java.base/java.lang.reflect.Method.invoke(Method.java:568)
	at org.junit.runners.model.FrameworkMethod$1.runReflectiveCall(FrameworkMethod.java:50)
	at org.junit.internal.runners.model.ReflectiveCallable.run(ReflectiveCallable.java:12)
	at org.junit.runners.model.FrameworkMethod.invokeExplosively(FrameworkMethod.java:47)
	at org.junit.internal.runners.statements.RunBefores.evaluate(RunBefores.java:24)
	at org.junit.internal.runners.statements.RunAfters.evaluate(RunAfters.java:27)
	at org.junit.rules.TestWatcher$1.evaluate(TestWatcher.java:55)
	at org.junit.rules.RunRules.evaluate(RunRules.java:20)
	at org.junit.runners.ParentRunner.runLeaf(ParentRunner.java:325)
	at org.junit.runners.BlockJUnit4ClassRunner.runChild(BlockJUnit4ClassRunner.java:78)
	at org.junit.runners.BlockJUnit4ClassRunner.runChild(BlockJUnit4ClassRunner.java:57)
	at org.junit.runners.ParentRunner$3.run(ParentRunner.java:290)
	at org.junit.runners.ParentRunner$1.schedule(ParentRunner.java:71)
	at org.junit.runners.ParentRunner.runChildren(ParentRunner.java:288)
	at org.junit.runners.ParentRunner.access$000(ParentRunner.java:58)
	at org.junit.runners.ParentRunner$2.evaluate(ParentRunner.java:268)
	at org.junit.runners.ParentRunner.run(ParentRunner.java:363)
	at org.apache.maven.surefire.junit4.JUnit4Provider.execute(JUnit4Provider.java:252)
	at org.apache.maven.surefire.junit4.JUnit4Provider.executeTestSet(JUnit4Provider.java:141)
	at org.apache.maven.surefire.junit4.JUnit4Provider.invoke(JUnit4Provider.java:112)
	at java.base/jdk.internal.reflect.NativeMethodAccessorImpl.invoke0(Native Method)
	at java.base/jdk.internal.reflect.NativeMethodAccessorImpl.invoke(NativeMethodAccessorImpl.java:77)
	at java.base/jdk.internal.reflect.DelegatingMethodAccessorImpl.invoke(DelegatingMethodAccessorImpl.java:43)
	at java.base/java.lang.reflect.Method.invoke(Method.java:568)
	at org.apache.maven.surefire.util.ReflectionUtils.invokeMethodWithArray(ReflectionUtils.java:189)
	at org.apache.maven.surefire.booter.ProviderFactory$ProviderProxy.invoke(ProviderFactory.java:165)
	at org.apache.maven.surefire.booter.ProviderFactory.invokeProvider(ProviderFactory.java:85)
	at org.apache.maven.surefire.booter.ForkedBooter.runSuitesInProcess(ForkedBooter.java:115)
	at org.apache.maven.surefire.booter.ForkedBooter.main(ForkedBooter.java:75)
</error>
  </testcase>
</testsuite>